<?xml version="1.0" encoding="UTF-8"?>
<!-- Generated by org.testng.reporters.JUnitReportReporter -->
<testsuite hostname="DESKTOP-OVFDUL8" failures="0" tests="1" name="First" time="8.982" errors="0" timestamp="2023-11-24T00:33:41 IST" skipped="0">
  <testcase classname="First" name="appium" time="8.982"/>
  <system-out/>
</testsuite> <!-- First -->
