<?xml version="1.0" encoding="UTF-8"?>
<!-- Generated by org.testng.reporters.JUnitReportReporter -->
<testsuite hostname="DESKTOP-OVFDUL8" failures="0" tests="1" name="LongPress" time="11.745" errors="0" timestamp="2023-11-24T22:00:36 IST" skipped="0">
  <testcase classname="LongPress" name="longPressGeasture" time="11.745"/>
  <system-out/>
</testsuite> <!-- LongPress -->
