<?xml version="1.0" encoding="UTF-8"?>
<!-- Generated by org.testng.reporters.JUnitReportReporter -->
<testsuite hostname="DESKTOP-S1MEN4E" failures="0" tests="1" name="First" time="8.153" errors="0" timestamp="2023-12-09T23:11:58 IST" skipped="0">
  <testcase classname="First" name="appium" time="8.153"/>
  <system-out/>
</testsuite> <!-- First -->
